2024-06-09 10:02:48.428  INFO 15324 --- [restartedMain] com.example.demo.Demo1Application        : Starting Demo1Application using Java 17.0.10 on DESKTOP-V6G3D31 with PID 15324 (C:\Users\PC\IdeaProjects\spring444\build\classes\java\main started by PC in C:\Users\PC\IdeaProjects\spring444)
2024-06-09 10:02:48.435 DEBUG 15324 --- [restartedMain] com.example.demo.Demo1Application        : Running with Spring Boot v2.7.14, Spring v5.3.29
2024-06-09 10:02:48.436  INFO 15324 --- [restartedMain] com.example.demo.Demo1Application        : No active profile set, falling back to 1 default profile: "default"
2024-06-09 10:02:48.517  INFO 15324 --- [restartedMain] .e.DevToolsPropertyDefaultsPostProcessor : Devtools property defaults active! Set 'spring.devtools.add-properties' to 'false' to disable
2024-06-09 10:02:48.518  INFO 15324 --- [restartedMain] .e.DevToolsPropertyDefaultsPostProcessor : For additional web related logging consider setting the 'logging.level.web' property to 'DEBUG'
2024-06-09 10:02:49.874  INFO 15324 --- [restartedMain] .s.d.r.c.RepositoryConfigurationDelegate : Bootstrapping Spring Data JPA repositories in DEFAULT mode.
2024-06-09 10:02:50.072  INFO 15324 --- [restartedMain] .s.d.r.c.RepositoryConfigurationDelegate : Finished Spring Data repository scanning in 183 ms. Found 2 JPA repository interfaces.
2024-06-09 10:02:50.526  INFO 15324 --- [restartedMain] trationDelegate$BeanPostProcessorChecker : Bean 'org.springframework.ws.config.annotation.DelegatingWsConfiguration' of type [org.springframework.ws.config.annotation.DelegatingWsConfiguration$$EnhancerBySpringCGLIB$$8268cb3] is not eligible for getting processed by all BeanPostProcessors (for example: not eligible for auto-proxying)
2024-06-09 10:02:50.600  INFO 15324 --- [restartedMain] .w.s.a.s.AnnotationActionEndpointMapping : Supporting [WS-Addressing August 2004, WS-Addressing 1.0]
2024-06-09 10:02:51.098  INFO 15324 --- [restartedMain] o.s.b.w.embedded.tomcat.TomcatWebServer  : Tomcat initialized with port(s): 8080 (http)
2024-06-09 10:02:51.112  INFO 15324 --- [restartedMain] o.apache.catalina.core.StandardService   : Starting service [Tomcat]
2024-06-09 10:02:51.112  INFO 15324 --- [restartedMain] org.apache.catalina.core.StandardEngine  : Starting Servlet engine: [Apache Tomcat/9.0.78]
2024-06-09 10:02:51.260  INFO 15324 --- [restartedMain] o.a.c.c.C.[Tomcat].[localhost].[/]       : Initializing Spring embedded WebApplicationContext
2024-06-09 10:02:51.261  INFO 15324 --- [restartedMain] w.s.c.ServletWebServerApplicationContext : Root WebApplicationContext: initialization completed in 2742 ms
2024-06-09 10:02:51.673  INFO 15324 --- [restartedMain] o.hibernate.jpa.internal.util.LogHelper  : HHH000204: Processing PersistenceUnitInfo [name: default]
2024-06-09 10:02:51.811  INFO 15324 --- [restartedMain] org.hibernate.Version                    : HHH000412: Hibernate ORM core version 5.6.15.Final
2024-06-09 10:02:52.140  INFO 15324 --- [restartedMain] o.hibernate.annotations.common.Version   : HCANN000001: Hibernate Commons Annotations {5.1.2.Final}
2024-06-09 10:02:52.313  INFO 15324 --- [restartedMain] com.zaxxer.hikari.HikariDataSource       : HikariPool-1 - Starting...
2024-06-09 10:02:55.018  INFO 15324 --- [restartedMain] com.zaxxer.hikari.HikariDataSource       : HikariPool-1 - Start completed.
2024-06-09 10:02:55.062  INFO 15324 --- [restartedMain] org.hibernate.dialect.Dialect            : HHH000400: Using dialect: org.hibernate.dialect.MySQLDialect
2024-06-09 10:02:56.176  INFO 15324 --- [restartedMain] o.h.e.t.j.p.i.JtaPlatformInitiator       : HHH000490: Using JtaPlatform implementation: [org.hibernate.engine.transaction.jta.platform.internal.NoJtaPlatform]
2024-06-09 10:02:56.191  INFO 15324 --- [restartedMain] j.LocalContainerEntityManagerFactoryBean : Initialized JPA EntityManagerFactory for persistence unit 'default'
2024-06-09 10:02:56.811 DEBUG 15324 --- [restartedMain] edFilterInvocationSecurityMetadataSource : Adding web access control expression [permitAll] for ExactUrl [processUrl='/login']
2024-06-09 10:02:56.826 DEBUG 15324 --- [restartedMain] edFilterInvocationSecurityMetadataSource : Adding web access control expression [permitAll] for ExactUrl [processUrl='/login']
2024-06-09 10:02:56.828 DEBUG 15324 --- [restartedMain] edFilterInvocationSecurityMetadataSource : Adding web access control expression [permitAll] for Or [Ant [pattern='/logout', GET], Ant [pattern='/logout', POST], Ant [pattern='/logout', PUT], Ant [pattern='/logout', DELETE]]
2024-06-09 10:02:56.828 DEBUG 15324 --- [restartedMain] edFilterInvocationSecurityMetadataSource : Adding web access control expression [permitAll] for ExactUrl [processUrl='/main']
2024-06-09 10:02:56.828 DEBUG 15324 --- [restartedMain] edFilterInvocationSecurityMetadataSource : Adding web access control expression [permitAll] for Ant [pattern='/']
2024-06-09 10:02:56.828 DEBUG 15324 --- [restartedMain] edFilterInvocationSecurityMetadataSource : Adding web access control expression [permitAll] for Ant [pattern='/login']
2024-06-09 10:02:56.829 DEBUG 15324 --- [restartedMain] edFilterInvocationSecurityMetadataSource : Adding web access control expression [permitAll] for Ant [pattern='/signup']
2024-06-09 10:02:56.829 DEBUG 15324 --- [restartedMain] edFilterInvocationSecurityMetadataSource : Adding web access control expression [permitAll] for Ant [pattern='/css/**']
2024-06-09 10:02:56.829 DEBUG 15324 --- [restartedMain] edFilterInvocationSecurityMetadataSource : Adding web access control expression [permitAll] for any request
2024-06-09 10:02:56.838  INFO 15324 --- [restartedMain] o.s.s.web.DefaultSecurityFilterChain     : Will secure any request with [org.springframework.security.web.session.DisableEncodeUrlFilter@1ea434f7, org.springframework.security.web.context.request.async.WebAsyncManagerIntegrationFilter@554102ab, org.springframework.security.web.context.SecurityContextPersistenceFilter@6c362554, org.springframework.security.web.header.HeaderWriterFilter@44203968, org.springframework.security.web.authentication.logout.LogoutFilter@f360988, org.springframework.security.web.authentication.UsernamePasswordAuthenticationFilter@877f552, org.springframework.security.web.savedrequest.RequestCacheAwareFilter@5891eb23, org.springframework.security.web.servletapi.SecurityContextHolderAwareRequestFilter@1696dcd, org.springframework.security.web.authentication.AnonymousAuthenticationFilter@622ba034, org.springframework.security.web.session.SessionManagementFilter@48b04c3, org.springframework.security.web.access.ExceptionTranslationFilter@5de4d149, org.springframework.security.web.access.intercept.FilterSecurityInterceptor@2895897c]
2024-06-09 10:02:56.969  WARN 15324 --- [restartedMain] JpaBaseConfiguration$JpaWebConfiguration : spring.jpa.open-in-view is enabled by default. Therefore, database queries may be performed during view rendering. Explicitly configure spring.jpa.open-in-view to disable this warning
2024-06-09 10:02:57.058 DEBUG 15324 --- [restartedMain] s.w.s.m.m.a.RequestMappingHandlerAdapter : ControllerAdvice beans: 0 @ModelAttribute, 0 @InitBinder, 1 RequestBodyAdvice, 1 ResponseBodyAdvice
2024-06-09 10:02:57.116  INFO 15324 --- [restartedMain] o.s.b.a.w.s.WelcomePageHandlerMapping    : Adding welcome page template: index
2024-06-09 10:02:57.175 DEBUG 15324 --- [restartedMain] s.w.s.m.m.a.RequestMappingHandlerMapping : 14 mappings in 'requestMappingHandlerMapping'
2024-06-09 10:02:57.195 DEBUG 15324 --- [restartedMain] o.s.w.s.handler.SimpleUrlHandlerMapping  : Patterns [/webjars/**, /**] in 'resourceHandlerMapping'
2024-06-09 10:02:57.207 DEBUG 15324 --- [restartedMain] .m.m.a.ExceptionHandlerExceptionResolver : ControllerAdvice beans: 0 @ExceptionHandler, 1 ResponseBodyAdvice
2024-06-09 10:02:57.464  INFO 15324 --- [restartedMain] o.s.b.d.a.OptionalLiveReloadServer       : LiveReload server is running on port 35729
2024-06-09 10:02:57.515  INFO 15324 --- [restartedMain] o.s.b.w.embedded.tomcat.TomcatWebServer  : Tomcat started on port(s): 8080 (http) with context path ''
2024-06-09 10:02:57.524  INFO 15324 --- [restartedMain] s.a.ScheduledAnnotationBeanPostProcessor : No TaskScheduler/ScheduledExecutorService bean found for scheduled processing
2024-06-09 10:02:57.535  INFO 15324 --- [restartedMain] com.example.demo.Demo1Application        : Started Demo1Application in 9.811 seconds (JVM running for 11.227)
2024-06-09 10:03:06.321  INFO 15324 --- [http-nio-8080-exec-1] o.a.c.c.C.[Tomcat].[localhost].[/]       : Initializing Spring DispatcherServlet 'dispatcherServlet'
2024-06-09 10:03:06.322  INFO 15324 --- [http-nio-8080-exec-1] o.s.web.servlet.DispatcherServlet        : Initializing Servlet 'dispatcherServlet'
2024-06-09 10:03:06.322 DEBUG 15324 --- [http-nio-8080-exec-1] o.s.web.servlet.DispatcherServlet        : Detected StandardServletMultipartResolver
2024-06-09 10:03:06.322 DEBUG 15324 --- [http-nio-8080-exec-1] o.s.web.servlet.DispatcherServlet        : Detected AcceptHeaderLocaleResolver
2024-06-09 10:03:06.322 DEBUG 15324 --- [http-nio-8080-exec-1] o.s.web.servlet.DispatcherServlet        : Detected FixedThemeResolver
2024-06-09 10:03:06.324 DEBUG 15324 --- [http-nio-8080-exec-1] o.s.web.servlet.DispatcherServlet        : Detected org.springframework.web.servlet.view.DefaultRequestToViewNameTranslator@10176e7e
2024-06-09 10:03:06.324 DEBUG 15324 --- [http-nio-8080-exec-1] o.s.web.servlet.DispatcherServlet        : Detected org.springframework.web.servlet.support.SessionFlashMapManager@43bed193
2024-06-09 10:03:06.325 DEBUG 15324 --- [http-nio-8080-exec-1] o.s.web.servlet.DispatcherServlet        : enableLoggingRequestDetails='false': request parameters and headers will be masked to prevent unsafe logging of potentially sensitive data
2024-06-09 10:03:06.325  INFO 15324 --- [http-nio-8080-exec-1] o.s.web.servlet.DispatcherServlet        : Completed initialization in 3 ms
2024-06-09 10:03:06.346 DEBUG 15324 --- [http-nio-8080-exec-1] o.s.security.web.FilterChainProxy        : Securing GET /main
2024-06-09 10:03:06.354 DEBUG 15324 --- [http-nio-8080-exec-1] s.s.w.c.SecurityContextPersistenceFilter : Set SecurityContextHolder to empty SecurityContext
2024-06-09 10:03:06.356 TRACE 15324 --- [http-nio-8080-exec-1] o.s.s.w.a.logout.LogoutFilter            : Did not match request to Or [Ant [pattern='/logout', GET], Ant [pattern='/logout', POST], Ant [pattern='/logout', PUT], Ant [pattern='/logout', DELETE]]
2024-06-09 10:03:06.356 TRACE 15324 --- [http-nio-8080-exec-1] w.a.UsernamePasswordAuthenticationFilter : Did not match request to Ant [pattern='/login', POST]
2024-06-09 10:03:06.360 TRACE 15324 --- [http-nio-8080-exec-1] o.s.s.w.a.AnonymousAuthenticationFilter  : Set SecurityContextHolder to AnonymousAuthenticationToken [Principal=anonymousUser, Credentials=[PROTECTED], Authenticated=true, Details=WebAuthenticationDetails [RemoteIpAddress=0:0:0:0:0:0:0:1, SessionId=null], Granted Authorities=[ROLE_ANONYMOUS]]
2024-06-09 10:03:06.371 DEBUG 15324 --- [http-nio-8080-exec-1] o.s.s.w.a.i.FilterSecurityInterceptor    : Authorized filter invocation [GET /main] with attributes [permitAll]
2024-06-09 10:03:06.372 DEBUG 15324 --- [http-nio-8080-exec-1] o.s.security.web.FilterChainProxy        : Secured GET /main
2024-06-09 10:03:06.375 DEBUG 15324 --- [http-nio-8080-exec-1] o.s.web.servlet.DispatcherServlet        : GET "/main", parameters={}
2024-06-09 10:03:06.388 DEBUG 15324 --- [http-nio-8080-exec-1] s.w.s.m.m.a.RequestMappingHandlerMapping : Mapped to com.example.demo.Controller.UserController#mainPage(Model, Model)
2024-06-09 10:03:06.641 DEBUG 15324 --- [http-nio-8080-exec-1] org.hibernate.SQL                        : 
    select
        testentity0_.no as no1_0_,
        testentity0_.keyword as keyword2_0_,
        testentity0_.mobile as mobile3_0_,
        testentity0_.pc as pc4_0_,
        testentity0_.tag as tag5_0_,
        testentity0_.total as total6_0_ 
    from
        csvjson testentity0_ 
    order by
        testentity0_.total desc limit ?
2024-06-09 10:03:07.113 DEBUG 15324 --- [http-nio-8080-exec-1] org.hibernate.SQL                        : 
    select
        testentity0_.no as no1_0_,
        testentity0_.keyword as keyword2_0_,
        testentity0_.mobile as mobile3_0_,
        testentity0_.pc as pc4_0_,
        testentity0_.tag as tag5_0_,
        testentity0_.total as total6_0_ 
    from
        csvjson testentity0_ 
    order by
        testentity0_.pc desc limit ?
2024-06-09 10:03:07.402 DEBUG 15324 --- [http-nio-8080-exec-1] org.hibernate.SQL                        : 
    select
        testentity0_.no as no1_0_,
        testentity0_.keyword as keyword2_0_,
        testentity0_.mobile as mobile3_0_,
        testentity0_.pc as pc4_0_,
        testentity0_.tag as tag5_0_,
        testentity0_.total as total6_0_ 
    from
        csvjson testentity0_ 
    order by
        testentity0_.total desc limit ?
2024-06-09 10:03:07.615 DEBUG 15324 --- [http-nio-8080-exec-1] org.hibernate.SQL                        : 
    select
        testentity0_.no as no1_0_,
        testentity0_.keyword as keyword2_0_,
        testentity0_.mobile as mobile3_0_,
        testentity0_.pc as pc4_0_,
        testentity0_.tag as tag5_0_,
        testentity0_.total as total6_0_ 
    from
        csvjson testentity0_ 
    order by
        testentity0_.pc desc limit ?
2024-06-09 10:03:07.851 DEBUG 15324 --- [http-nio-8080-exec-1] o.s.w.s.v.ContentNegotiatingViewResolver : Selected 'text/html' given [text/html, application/xhtml+xml, image/avif, image/webp, image/apng, application/xml;q=0.9, application/signed-exchange;v=b3;q=0.7, */*;q=0.8]
2024-06-09 10:03:08.306 DEBUG 15324 --- [http-nio-8080-exec-1] w.c.HttpSessionSecurityContextRepository : Did not store anonymous SecurityContext
2024-06-09 10:03:08.335 DEBUG 15324 --- [http-nio-8080-exec-1] o.s.web.servlet.DispatcherServlet        : Completed 200 OK
2024-06-09 10:03:08.339 DEBUG 15324 --- [http-nio-8080-exec-1] w.c.HttpSessionSecurityContextRepository : Did not store anonymous SecurityContext
2024-06-09 10:03:08.341 DEBUG 15324 --- [http-nio-8080-exec-1] s.s.w.c.SecurityContextPersistenceFilter : Cleared SecurityContextHolder to complete request
2024-06-09 10:03:08.350 DEBUG 15324 --- [http-nio-8080-exec-2] o.s.security.web.FilterChainProxy        : Securing GET /css/style.css
2024-06-09 10:03:08.350 DEBUG 15324 --- [http-nio-8080-exec-2] s.s.w.c.SecurityContextPersistenceFilter : Set SecurityContextHolder to empty SecurityContext
2024-06-09 10:03:08.350 DEBUG 15324 --- [http-nio-8080-exec-1] o.s.security.web.FilterChainProxy        : Securing GET /css/globals.css
2024-06-09 10:03:08.350 TRACE 15324 --- [http-nio-8080-exec-2] o.s.s.w.a.logout.LogoutFilter            : Did not match request to Or [Ant [pattern='/logout', GET], Ant [pattern='/logout', POST], Ant [pattern='/logout', PUT], Ant [pattern='/logout', DELETE]]
2024-06-09 10:03:08.355 TRACE 15324 --- [http-nio-8080-exec-2] w.a.UsernamePasswordAuthenticationFilter : Did not match request to Ant [pattern='/login', POST]
2024-06-09 10:03:08.357 DEBUG 15324 --- [http-nio-8080-exec-1] s.s.w.c.SecurityContextPersistenceFilter : Set SecurityContextHolder to empty SecurityContext
2024-06-09 10:03:08.358 TRACE 15324 --- [http-nio-8080-exec-1] o.s.s.w.a.logout.LogoutFilter            : Did not match request to Or [Ant [pattern='/logout', GET], Ant [pattern='/logout', POST], Ant [pattern='/logout', PUT], Ant [pattern='/logout', DELETE]]
2024-06-09 10:03:08.355 TRACE 15324 --- [http-nio-8080-exec-2] o.s.s.w.a.AnonymousAuthenticationFilter  : Set SecurityContextHolder to AnonymousAuthenticationToken [Principal=anonymousUser, Credentials=[PROTECTED], Authenticated=true, Details=WebAuthenticationDetails [RemoteIpAddress=0:0:0:0:0:0:0:1, SessionId=null], Granted Authorities=[ROLE_ANONYMOUS]]
2024-06-09 10:03:08.358 TRACE 15324 --- [http-nio-8080-exec-1] w.a.UsernamePasswordAuthenticationFilter : Did not match request to Ant [pattern='/login', POST]
2024-06-09 10:03:08.358 TRACE 15324 --- [http-nio-8080-exec-1] o.s.s.w.a.AnonymousAuthenticationFilter  : Set SecurityContextHolder to AnonymousAuthenticationToken [Principal=anonymousUser, Credentials=[PROTECTED], Authenticated=true, Details=WebAuthenticationDetails [RemoteIpAddress=0:0:0:0:0:0:0:1, SessionId=null], Granted Authorities=[ROLE_ANONYMOUS]]
2024-06-09 10:03:08.359 DEBUG 15324 --- [http-nio-8080-exec-1] o.s.s.w.a.i.FilterSecurityInterceptor    : Authorized filter invocation [GET /css/globals.css] with attributes [permitAll]
2024-06-09 10:03:08.359 DEBUG 15324 --- [http-nio-8080-exec-2] o.s.s.w.a.i.FilterSecurityInterceptor    : Authorized filter invocation [GET /css/style.css] with attributes [permitAll]
2024-06-09 10:03:08.359 DEBUG 15324 --- [http-nio-8080-exec-1] o.s.security.web.FilterChainProxy        : Secured GET /css/globals.css
2024-06-09 10:03:08.365 DEBUG 15324 --- [http-nio-8080-exec-2] o.s.security.web.FilterChainProxy        : Secured GET /css/style.css
2024-06-09 10:03:08.366 DEBUG 15324 --- [http-nio-8080-exec-2] o.s.web.servlet.DispatcherServlet        : GET "/css/style.css", parameters={}
2024-06-09 10:03:08.366 DEBUG 15324 --- [http-nio-8080-exec-1] o.s.web.servlet.DispatcherServlet        : GET "/css/globals.css", parameters={}
2024-06-09 10:03:08.379 DEBUG 15324 --- [http-nio-8080-exec-2] o.s.w.s.handler.SimpleUrlHandlerMapping  : Mapped to ResourceHttpRequestHandler [classpath [META-INF/resources/], classpath [resources/], classpath [static/], classpath [public/], ServletContext [/]]
2024-06-09 10:03:08.380 DEBUG 15324 --- [http-nio-8080-exec-1] o.s.w.s.handler.SimpleUrlHandlerMapping  : Mapped to ResourceHttpRequestHandler [classpath [META-INF/resources/], classpath [resources/], classpath [static/], classpath [public/], ServletContext [/]]
2024-06-09 10:03:08.395 DEBUG 15324 --- [http-nio-8080-exec-1] w.c.HttpSessionSecurityContextRepository : Did not store anonymous SecurityContext
2024-06-09 10:03:08.395 DEBUG 15324 --- [http-nio-8080-exec-2] w.c.HttpSessionSecurityContextRepository : Did not store anonymous SecurityContext
2024-06-09 10:03:08.396 DEBUG 15324 --- [http-nio-8080-exec-2] o.s.web.servlet.DispatcherServlet        : Completed 200 OK
2024-06-09 10:03:08.396 DEBUG 15324 --- [http-nio-8080-exec-1] o.s.web.servlet.DispatcherServlet        : Completed 200 OK
2024-06-09 10:03:08.397 DEBUG 15324 --- [http-nio-8080-exec-1] w.c.HttpSessionSecurityContextRepository : Did not store anonymous SecurityContext
2024-06-09 10:03:08.397 DEBUG 15324 --- [http-nio-8080-exec-1] s.s.w.c.SecurityContextPersistenceFilter : Cleared SecurityContextHolder to complete request
2024-06-09 10:03:08.398 DEBUG 15324 --- [http-nio-8080-exec-2] w.c.HttpSessionSecurityContextRepository : Did not store anonymous SecurityContext
2024-06-09 10:03:08.398 DEBUG 15324 --- [http-nio-8080-exec-2] s.s.w.c.SecurityContextPersistenceFilter : Cleared SecurityContextHolder to complete request
2024-06-09 10:03:08.528 DEBUG 15324 --- [http-nio-8080-exec-3] o.s.security.web.FilterChainProxy        : Securing GET /favicon.ico
2024-06-09 10:03:08.528 DEBUG 15324 --- [http-nio-8080-exec-3] s.s.w.c.SecurityContextPersistenceFilter : Set SecurityContextHolder to empty SecurityContext
2024-06-09 10:03:08.530 TRACE 15324 --- [http-nio-8080-exec-3] o.s.s.w.a.logout.LogoutFilter            : Did not match request to Or [Ant [pattern='/logout', GET], Ant [pattern='/logout', POST], Ant [pattern='/logout', PUT], Ant [pattern='/logout', DELETE]]
2024-06-09 10:03:08.530 TRACE 15324 --- [http-nio-8080-exec-3] w.a.UsernamePasswordAuthenticationFilter : Did not match request to Ant [pattern='/login', POST]
2024-06-09 10:03:08.531 TRACE 15324 --- [http-nio-8080-exec-3] o.s.s.w.a.AnonymousAuthenticationFilter  : Set SecurityContextHolder to AnonymousAuthenticationToken [Principal=anonymousUser, Credentials=[PROTECTED], Authenticated=true, Details=WebAuthenticationDetails [RemoteIpAddress=0:0:0:0:0:0:0:1, SessionId=null], Granted Authorities=[ROLE_ANONYMOUS]]
2024-06-09 10:03:08.531 DEBUG 15324 --- [http-nio-8080-exec-3] o.s.s.w.a.i.FilterSecurityInterceptor    : Authorized filter invocation [GET /favicon.ico] with attributes [permitAll]
2024-06-09 10:03:08.531 DEBUG 15324 --- [http-nio-8080-exec-3] o.s.security.web.FilterChainProxy        : Secured GET /favicon.ico
2024-06-09 10:03:08.532 DEBUG 15324 --- [http-nio-8080-exec-3] o.s.web.servlet.DispatcherServlet        : GET "/favicon.ico", parameters={}
2024-06-09 10:03:08.533 DEBUG 15324 --- [http-nio-8080-exec-3] o.s.w.s.handler.SimpleUrlHandlerMapping  : Mapped to ResourceHttpRequestHandler [classpath [META-INF/resources/], classpath [resources/], classpath [static/], classpath [public/], ServletContext [/]]
2024-06-09 10:03:08.538 DEBUG 15324 --- [http-nio-8080-exec-3] o.s.w.s.r.ResourceHttpRequestHandler     : Resource not found
2024-06-09 10:03:08.538 DEBUG 15324 --- [http-nio-8080-exec-3] w.c.HttpSessionSecurityContextRepository : Did not store anonymous SecurityContext
2024-06-09 10:03:08.539 DEBUG 15324 --- [http-nio-8080-exec-3] o.s.web.servlet.DispatcherServlet        : Completed 404 NOT_FOUND
2024-06-09 10:03:08.539 DEBUG 15324 --- [http-nio-8080-exec-3] w.c.HttpSessionSecurityContextRepository : Did not store anonymous SecurityContext
2024-06-09 10:03:08.539 DEBUG 15324 --- [http-nio-8080-exec-3] s.s.w.c.SecurityContextPersistenceFilter : Cleared SecurityContextHolder to complete request
2024-06-09 10:03:08.544 DEBUG 15324 --- [http-nio-8080-exec-3] o.s.security.web.FilterChainProxy        : Securing GET /error
2024-06-09 10:03:08.544 DEBUG 15324 --- [http-nio-8080-exec-3] s.s.w.c.SecurityContextPersistenceFilter : Set SecurityContextHolder to empty SecurityContext
2024-06-09 10:03:08.545 TRACE 15324 --- [http-nio-8080-exec-3] o.s.s.w.a.logout.LogoutFilter            : Did not match request to Or [Ant [pattern='/logout', GET], Ant [pattern='/logout', POST], Ant [pattern='/logout', PUT], Ant [pattern='/logout', DELETE]]
2024-06-09 10:03:08.545 TRACE 15324 --- [http-nio-8080-exec-3] w.a.UsernamePasswordAuthenticationFilter : Did not match request to Ant [pattern='/login', POST]
2024-06-09 10:03:08.548 TRACE 15324 --- [http-nio-8080-exec-3] o.s.s.w.a.AnonymousAuthenticationFilter  : Set SecurityContextHolder to AnonymousAuthenticationToken [Principal=anonymousUser, Credentials=[PROTECTED], Authenticated=true, Details=WebAuthenticationDetails [RemoteIpAddress=0:0:0:0:0:0:0:1, SessionId=null], Granted Authorities=[ROLE_ANONYMOUS]]
2024-06-09 10:03:08.548 DEBUG 15324 --- [http-nio-8080-exec-3] o.s.security.web.FilterChainProxy        : Secured GET /error
2024-06-09 10:03:08.548 DEBUG 15324 --- [http-nio-8080-exec-3] o.s.web.servlet.DispatcherServlet        : "ERROR" dispatch for GET "/error", parameters={}
2024-06-09 10:03:08.551 DEBUG 15324 --- [http-nio-8080-exec-3] s.w.s.m.m.a.RequestMappingHandlerMapping : Mapped to org.springframework.boot.autoconfigure.web.servlet.error.BasicErrorController#error(HttpServletRequest)
2024-06-09 10:03:08.578 DEBUG 15324 --- [http-nio-8080-exec-3] o.s.w.s.m.m.a.HttpEntityMethodProcessor  : Using 'application/json;q=0.8', given [image/avif, image/webp, image/apng, image/svg+xml, image/*, */*;q=0.8] and supported [application/json, application/*+json, application/json, application/*+json]
2024-06-09 10:03:08.580 DEBUG 15324 --- [http-nio-8080-exec-3] o.s.w.s.m.m.a.HttpEntityMethodProcessor  : Writing [{timestamp=Sun Jun 09 10:03:08 KST 2024, status=404, error=Not Found, message=No message available,  (truncated)...]
2024-06-09 10:03:08.651 DEBUG 15324 --- [http-nio-8080-exec-3] w.c.HttpSessionSecurityContextRepository : Did not store anonymous SecurityContext
2024-06-09 10:03:08.652 DEBUG 15324 --- [http-nio-8080-exec-3] o.s.web.servlet.DispatcherServlet        : Exiting from "ERROR" dispatch, status 404
2024-06-09 10:03:08.653 DEBUG 15324 --- [http-nio-8080-exec-3] w.c.HttpSessionSecurityContextRepository : Did not store anonymous SecurityContext
2024-06-09 10:03:08.653 DEBUG 15324 --- [http-nio-8080-exec-3] s.s.w.c.SecurityContextPersistenceFilter : Cleared SecurityContextHolder to complete request
2024-06-09 10:03:10.941 DEBUG 15324 --- [http-nio-8080-exec-4] o.s.security.web.FilterChainProxy        : Securing GET /actor
2024-06-09 10:03:10.942 DEBUG 15324 --- [http-nio-8080-exec-4] s.s.w.c.SecurityContextPersistenceFilter : Set SecurityContextHolder to empty SecurityContext
2024-06-09 10:03:10.942 TRACE 15324 --- [http-nio-8080-exec-4] o.s.s.w.a.logout.LogoutFilter            : Did not match request to Or [Ant [pattern='/logout', GET], Ant [pattern='/logout', POST], Ant [pattern='/logout', PUT], Ant [pattern='/logout', DELETE]]
2024-06-09 10:03:10.942 TRACE 15324 --- [http-nio-8080-exec-4] w.a.UsernamePasswordAuthenticationFilter : Did not match request to Ant [pattern='/login', POST]
2024-06-09 10:03:10.942 TRACE 15324 --- [http-nio-8080-exec-4] o.s.s.w.a.AnonymousAuthenticationFilter  : Set SecurityContextHolder to AnonymousAuthenticationToken [Principal=anonymousUser, Credentials=[PROTECTED], Authenticated=true, Details=WebAuthenticationDetails [RemoteIpAddress=0:0:0:0:0:0:0:1, SessionId=null], Granted Authorities=[ROLE_ANONYMOUS]]
2024-06-09 10:03:10.943 DEBUG 15324 --- [http-nio-8080-exec-4] o.s.s.w.a.i.FilterSecurityInterceptor    : Authorized filter invocation [GET /actor] with attributes [permitAll]
2024-06-09 10:03:10.944 DEBUG 15324 --- [http-nio-8080-exec-4] o.s.security.web.FilterChainProxy        : Secured GET /actor
2024-06-09 10:03:10.945 DEBUG 15324 --- [http-nio-8080-exec-4] o.s.web.servlet.DispatcherServlet        : GET "/actor", parameters={}
2024-06-09 10:03:10.946 DEBUG 15324 --- [http-nio-8080-exec-4] s.w.s.m.m.a.RequestMappingHandlerMapping : Mapped to com.example.demo.Controller.UserController#actor(Model)
2024-06-09 10:03:10.960 DEBUG 15324 --- [http-nio-8080-exec-4] org.hibernate.SQL                        : 
    select
        testentity0_.no as no1_0_,
        testentity0_.keyword as keyword2_0_,
        testentity0_.mobile as mobile3_0_,
        testentity0_.pc as pc4_0_,
        testentity0_.tag as tag5_0_,
        testentity0_.total as total6_0_ 
    from
        csvjson testentity0_ 
    where
        testentity0_.tag=? 
    order by
        testentity0_.total desc limit ?
2024-06-09 10:03:11.158 TRACE 15324 --- [http-nio-8080-exec-4] o.h.type.descriptor.sql.BasicBinder      : binding parameter [1] as [VARCHAR] - [actor]
2024-06-09 10:03:11.407 DEBUG 15324 --- [http-nio-8080-exec-4] o.s.w.s.v.ContentNegotiatingViewResolver : Selected 'text/html' given [text/html, application/xhtml+xml, image/avif, image/webp, image/apng, application/xml;q=0.9, application/signed-exchange;v=b3;q=0.7, */*;q=0.8]
2024-06-09 10:03:11.418 DEBUG 15324 --- [http-nio-8080-exec-4] w.c.HttpSessionSecurityContextRepository : Did not store anonymous SecurityContext
2024-06-09 10:03:11.424 DEBUG 15324 --- [http-nio-8080-exec-4] o.s.web.servlet.DispatcherServlet        : Completed 200 OK
2024-06-09 10:03:11.425 DEBUG 15324 --- [http-nio-8080-exec-4] w.c.HttpSessionSecurityContextRepository : Did not store anonymous SecurityContext
2024-06-09 10:03:11.425 DEBUG 15324 --- [http-nio-8080-exec-4] s.s.w.c.SecurityContextPersistenceFilter : Cleared SecurityContextHolder to complete request
2024-06-09 10:03:11.449 DEBUG 15324 --- [http-nio-8080-exec-5] o.s.security.web.FilterChainProxy        : Securing GET /css/globals.css
2024-06-09 10:03:11.449 DEBUG 15324 --- [http-nio-8080-exec-5] s.s.w.c.SecurityContextPersistenceFilter : Set SecurityContextHolder to empty SecurityContext
2024-06-09 10:03:11.449 TRACE 15324 --- [http-nio-8080-exec-5] o.s.s.w.a.logout.LogoutFilter            : Did not match request to Or [Ant [pattern='/logout', GET], Ant [pattern='/logout', POST], Ant [pattern='/logout', PUT], Ant [pattern='/logout', DELETE]]
2024-06-09 10:03:11.449 TRACE 15324 --- [http-nio-8080-exec-5] w.a.UsernamePasswordAuthenticationFilter : Did not match request to Ant [pattern='/login', POST]
2024-06-09 10:03:11.449 TRACE 15324 --- [http-nio-8080-exec-5] o.s.s.w.a.AnonymousAuthenticationFilter  : Set SecurityContextHolder to AnonymousAuthenticationToken [Principal=anonymousUser, Credentials=[PROTECTED], Authenticated=true, Details=WebAuthenticationDetails [RemoteIpAddress=0:0:0:0:0:0:0:1, SessionId=null], Granted Authorities=[ROLE_ANONYMOUS]]
2024-06-09 10:03:11.450 DEBUG 15324 --- [http-nio-8080-exec-5] o.s.s.w.a.i.FilterSecurityInterceptor    : Authorized filter invocation [GET /css/globals.css] with attributes [permitAll]
2024-06-09 10:03:11.450 DEBUG 15324 --- [http-nio-8080-exec-5] o.s.security.web.FilterChainProxy        : Secured GET /css/globals.css
2024-06-09 10:03:11.450 DEBUG 15324 --- [http-nio-8080-exec-5] o.s.web.servlet.DispatcherServlet        : GET "/css/globals.css", parameters={}
2024-06-09 10:03:11.451 DEBUG 15324 --- [http-nio-8080-exec-5] o.s.w.s.handler.SimpleUrlHandlerMapping  : Mapped to ResourceHttpRequestHandler [classpath [META-INF/resources/], classpath [resources/], classpath [static/], classpath [public/], ServletContext [/]]
2024-06-09 10:03:11.454 DEBUG 15324 --- [http-nio-8080-exec-5] w.c.HttpSessionSecurityContextRepository : Did not store anonymous SecurityContext
2024-06-09 10:03:11.456 DEBUG 15324 --- [http-nio-8080-exec-5] o.s.web.servlet.DispatcherServlet        : Completed 200 OK
2024-06-09 10:03:11.456 DEBUG 15324 --- [http-nio-8080-exec-5] w.c.HttpSessionSecurityContextRepository : Did not store anonymous SecurityContext
2024-06-09 10:03:11.456 DEBUG 15324 --- [http-nio-8080-exec-5] s.s.w.c.SecurityContextPersistenceFilter : Cleared SecurityContextHolder to complete request
2024-06-09 10:03:11.469 DEBUG 15324 --- [http-nio-8080-exec-6] o.s.security.web.FilterChainProxy        : Securing GET /css/substyle.css
2024-06-09 10:03:11.469 DEBUG 15324 --- [http-nio-8080-exec-6] s.s.w.c.SecurityContextPersistenceFilter : Set SecurityContextHolder to empty SecurityContext
2024-06-09 10:03:11.470 TRACE 15324 --- [http-nio-8080-exec-6] o.s.s.w.a.logout.LogoutFilter            : Did not match request to Or [Ant [pattern='/logout', GET], Ant [pattern='/logout', POST], Ant [pattern='/logout', PUT], Ant [pattern='/logout', DELETE]]
2024-06-09 10:03:11.470 TRACE 15324 --- [http-nio-8080-exec-6] w.a.UsernamePasswordAuthenticationFilter : Did not match request to Ant [pattern='/login', POST]
2024-06-09 10:03:11.470 TRACE 15324 --- [http-nio-8080-exec-6] o.s.s.w.a.AnonymousAuthenticationFilter  : Set SecurityContextHolder to AnonymousAuthenticationToken [Principal=anonymousUser, Credentials=[PROTECTED], Authenticated=true, Details=WebAuthenticationDetails [RemoteIpAddress=0:0:0:0:0:0:0:1, SessionId=null], Granted Authorities=[ROLE_ANONYMOUS]]
2024-06-09 10:03:11.470 DEBUG 15324 --- [http-nio-8080-exec-6] o.s.s.w.a.i.FilterSecurityInterceptor    : Authorized filter invocation [GET /css/substyle.css] with attributes [permitAll]
2024-06-09 10:03:11.470 DEBUG 15324 --- [http-nio-8080-exec-6] o.s.security.web.FilterChainProxy        : Secured GET /css/substyle.css
2024-06-09 10:03:11.471 DEBUG 15324 --- [http-nio-8080-exec-6] o.s.web.servlet.DispatcherServlet        : GET "/css/substyle.css", parameters={}
2024-06-09 10:03:11.472 DEBUG 15324 --- [http-nio-8080-exec-6] o.s.w.s.handler.SimpleUrlHandlerMapping  : Mapped to ResourceHttpRequestHandler [classpath [META-INF/resources/], classpath [resources/], classpath [static/], classpath [public/], ServletContext [/]]
2024-06-09 10:03:11.476 DEBUG 15324 --- [http-nio-8080-exec-6] w.c.HttpSessionSecurityContextRepository : Did not store anonymous SecurityContext
2024-06-09 10:03:11.478 DEBUG 15324 --- [http-nio-8080-exec-6] o.s.web.servlet.DispatcherServlet        : Completed 200 OK
2024-06-09 10:03:11.478 DEBUG 15324 --- [http-nio-8080-exec-6] w.c.HttpSessionSecurityContextRepository : Did not store anonymous SecurityContext
2024-06-09 10:03:11.478 DEBUG 15324 --- [http-nio-8080-exec-6] s.s.w.c.SecurityContextPersistenceFilter : Cleared SecurityContextHolder to complete request
2024-06-09 10:03:13.347 DEBUG 15324 --- [http-nio-8080-exec-7] o.s.security.web.FilterChainProxy        : Securing GET /webtoon
2024-06-09 10:03:13.349 DEBUG 15324 --- [http-nio-8080-exec-7] s.s.w.c.SecurityContextPersistenceFilter : Set SecurityContextHolder to empty SecurityContext
2024-06-09 10:03:13.350 TRACE 15324 --- [http-nio-8080-exec-7] o.s.s.w.a.logout.LogoutFilter            : Did not match request to Or [Ant [pattern='/logout', GET], Ant [pattern='/logout', POST], Ant [pattern='/logout', PUT], Ant [pattern='/logout', DELETE]]
2024-06-09 10:03:13.350 TRACE 15324 --- [http-nio-8080-exec-7] w.a.UsernamePasswordAuthenticationFilter : Did not match request to Ant [pattern='/login', POST]
2024-06-09 10:03:13.350 TRACE 15324 --- [http-nio-8080-exec-7] o.s.s.w.a.AnonymousAuthenticationFilter  : Set SecurityContextHolder to AnonymousAuthenticationToken [Principal=anonymousUser, Credentials=[PROTECTED], Authenticated=true, Details=WebAuthenticationDetails [RemoteIpAddress=0:0:0:0:0:0:0:1, SessionId=null], Granted Authorities=[ROLE_ANONYMOUS]]
2024-06-09 10:03:13.350 DEBUG 15324 --- [http-nio-8080-exec-7] o.s.s.w.a.i.FilterSecurityInterceptor    : Authorized filter invocation [GET /webtoon] with attributes [permitAll]
2024-06-09 10:03:13.351 DEBUG 15324 --- [http-nio-8080-exec-7] o.s.security.web.FilterChainProxy        : Secured GET /webtoon
2024-06-09 10:03:13.351 DEBUG 15324 --- [http-nio-8080-exec-7] o.s.web.servlet.DispatcherServlet        : GET "/webtoon", parameters={}
2024-06-09 10:03:13.351 DEBUG 15324 --- [http-nio-8080-exec-7] s.w.s.m.m.a.RequestMappingHandlerMapping : Mapped to com.example.demo.Controller.UserController#webtoon(Model)
2024-06-09 10:03:13.353 DEBUG 15324 --- [http-nio-8080-exec-7] org.hibernate.SQL                        : 
    select
        testentity0_.no as no1_0_,
        testentity0_.keyword as keyword2_0_,
        testentity0_.mobile as mobile3_0_,
        testentity0_.pc as pc4_0_,
        testentity0_.tag as tag5_0_,
        testentity0_.total as total6_0_ 
    from
        csvjson testentity0_ 
    where
        testentity0_.tag=? 
    order by
        testentity0_.total desc limit ?
2024-06-09 10:03:13.557 TRACE 15324 --- [http-nio-8080-exec-7] o.h.type.descriptor.sql.BasicBinder      : binding parameter [1] as [VARCHAR] - [webtoon]
2024-06-09 10:03:13.764 DEBUG 15324 --- [http-nio-8080-exec-7] o.s.w.s.v.ContentNegotiatingViewResolver : Selected 'text/html' given [text/html, application/xhtml+xml, image/avif, image/webp, image/apng, application/xml;q=0.9, application/signed-exchange;v=b3;q=0.7, */*;q=0.8]
2024-06-09 10:03:13.774 DEBUG 15324 --- [http-nio-8080-exec-7] w.c.HttpSessionSecurityContextRepository : Did not store anonymous SecurityContext
2024-06-09 10:03:13.780 DEBUG 15324 --- [http-nio-8080-exec-7] o.s.web.servlet.DispatcherServlet        : Completed 200 OK
2024-06-09 10:03:13.781 DEBUG 15324 --- [http-nio-8080-exec-7] w.c.HttpSessionSecurityContextRepository : Did not store anonymous SecurityContext
2024-06-09 10:03:13.781 DEBUG 15324 --- [http-nio-8080-exec-7] s.s.w.c.SecurityContextPersistenceFilter : Cleared SecurityContextHolder to complete request
2024-06-09 10:03:13.800 DEBUG 15324 --- [http-nio-8080-exec-8] o.s.security.web.FilterChainProxy        : Securing GET /css/globals.css
2024-06-09 10:03:13.801 DEBUG 15324 --- [http-nio-8080-exec-8] s.s.w.c.SecurityContextPersistenceFilter : Set SecurityContextHolder to empty SecurityContext
2024-06-09 10:03:13.801 TRACE 15324 --- [http-nio-8080-exec-8] o.s.s.w.a.logout.LogoutFilter            : Did not match request to Or [Ant [pattern='/logout', GET], Ant [pattern='/logout', POST], Ant [pattern='/logout', PUT], Ant [pattern='/logout', DELETE]]
2024-06-09 10:03:13.801 TRACE 15324 --- [http-nio-8080-exec-8] w.a.UsernamePasswordAuthenticationFilter : Did not match request to Ant [pattern='/login', POST]
2024-06-09 10:03:13.801 DEBUG 15324 --- [http-nio-8080-exec-9] o.s.security.web.FilterChainProxy        : Securing GET /css/substyle.css
2024-06-09 10:03:13.801 TRACE 15324 --- [http-nio-8080-exec-8] o.s.s.w.a.AnonymousAuthenticationFilter  : Set SecurityContextHolder to AnonymousAuthenticationToken [Principal=anonymousUser, Credentials=[PROTECTED], Authenticated=true, Details=WebAuthenticationDetails [RemoteIpAddress=0:0:0:0:0:0:0:1, SessionId=null], Granted Authorities=[ROLE_ANONYMOUS]]
2024-06-09 10:03:13.801 DEBUG 15324 --- [http-nio-8080-exec-9] s.s.w.c.SecurityContextPersistenceFilter : Set SecurityContextHolder to empty SecurityContext
2024-06-09 10:03:13.801 TRACE 15324 --- [http-nio-8080-exec-9] o.s.s.w.a.logout.LogoutFilter            : Did not match request to Or [Ant [pattern='/logout', GET], Ant [pattern='/logout', POST], Ant [pattern='/logout', PUT], Ant [pattern='/logout', DELETE]]
2024-06-09 10:03:13.801 TRACE 15324 --- [http-nio-8080-exec-9] w.a.UsernamePasswordAuthenticationFilter : Did not match request to Ant [pattern='/login', POST]
2024-06-09 10:03:13.801 DEBUG 15324 --- [http-nio-8080-exec-8] o.s.s.w.a.i.FilterSecurityInterceptor    : Authorized filter invocation [GET /css/globals.css] with attributes [permitAll]
2024-06-09 10:03:13.801 TRACE 15324 --- [http-nio-8080-exec-9] o.s.s.w.a.AnonymousAuthenticationFilter  : Set SecurityContextHolder to AnonymousAuthenticationToken [Principal=anonymousUser, Credentials=[PROTECTED], Authenticated=true, Details=WebAuthenticationDetails [RemoteIpAddress=0:0:0:0:0:0:0:1, SessionId=null], Granted Authorities=[ROLE_ANONYMOUS]]
2024-06-09 10:03:13.801 DEBUG 15324 --- [http-nio-8080-exec-8] o.s.security.web.FilterChainProxy        : Secured GET /css/globals.css
2024-06-09 10:03:13.802 DEBUG 15324 --- [http-nio-8080-exec-8] o.s.web.servlet.DispatcherServlet        : GET "/css/globals.css", parameters={}
2024-06-09 10:03:13.802 DEBUG 15324 --- [http-nio-8080-exec-8] o.s.w.s.handler.SimpleUrlHandlerMapping  : Mapped to ResourceHttpRequestHandler [classpath [META-INF/resources/], classpath [resources/], classpath [static/], classpath [public/], ServletContext [/]]
2024-06-09 10:03:13.801 DEBUG 15324 --- [http-nio-8080-exec-9] o.s.s.w.a.i.FilterSecurityInterceptor    : Authorized filter invocation [GET /css/substyle.css] with attributes [permitAll]
2024-06-09 10:03:13.804 DEBUG 15324 --- [http-nio-8080-exec-9] o.s.security.web.FilterChainProxy        : Secured GET /css/substyle.css
2024-06-09 10:03:13.804 DEBUG 15324 --- [http-nio-8080-exec-9] o.s.web.servlet.DispatcherServlet        : GET "/css/substyle.css", parameters={}
2024-06-09 10:03:13.806 DEBUG 15324 --- [http-nio-8080-exec-9] o.s.w.s.handler.SimpleUrlHandlerMapping  : Mapped to ResourceHttpRequestHandler [classpath [META-INF/resources/], classpath [resources/], classpath [static/], classpath [public/], ServletContext [/]]
2024-06-09 10:03:13.806 DEBUG 15324 --- [http-nio-8080-exec-8] w.c.HttpSessionSecurityContextRepository : Did not store anonymous SecurityContext
2024-06-09 10:03:13.810 DEBUG 15324 --- [http-nio-8080-exec-8] o.s.web.servlet.DispatcherServlet        : Completed 200 OK
2024-06-09 10:03:13.810 DEBUG 15324 --- [http-nio-8080-exec-8] w.c.HttpSessionSecurityContextRepository : Did not store anonymous SecurityContext
2024-06-09 10:03:13.810 DEBUG 15324 --- [http-nio-8080-exec-8] s.s.w.c.SecurityContextPersistenceFilter : Cleared SecurityContextHolder to complete request
2024-06-09 10:03:13.813 DEBUG 15324 --- [http-nio-8080-exec-9] w.c.HttpSessionSecurityContextRepository : Did not store anonymous SecurityContext
2024-06-09 10:03:13.815 DEBUG 15324 --- [http-nio-8080-exec-9] o.s.web.servlet.DispatcherServlet        : Completed 200 OK
2024-06-09 10:03:13.815 DEBUG 15324 --- [http-nio-8080-exec-9] w.c.HttpSessionSecurityContextRepository : Did not store anonymous SecurityContext
2024-06-09 10:03:13.815 DEBUG 15324 --- [http-nio-8080-exec-9] s.s.w.c.SecurityContextPersistenceFilter : Cleared SecurityContextHolder to complete request
2024-06-09 10:03:15.696 DEBUG 15324 --- [http-nio-8080-exec-10] o.s.security.web.FilterChainProxy        : Securing GET /actor
2024-06-09 10:03:15.696 DEBUG 15324 --- [http-nio-8080-exec-10] s.s.w.c.SecurityContextPersistenceFilter : Set SecurityContextHolder to empty SecurityContext
2024-06-09 10:03:15.697 TRACE 15324 --- [http-nio-8080-exec-10] o.s.s.w.a.logout.LogoutFilter            : Did not match request to Or [Ant [pattern='/logout', GET], Ant [pattern='/logout', POST], Ant [pattern='/logout', PUT], Ant [pattern='/logout', DELETE]]
2024-06-09 10:03:15.697 TRACE 15324 --- [http-nio-8080-exec-10] w.a.UsernamePasswordAuthenticationFilter : Did not match request to Ant [pattern='/login', POST]
2024-06-09 10:03:15.697 TRACE 15324 --- [http-nio-8080-exec-10] o.s.s.w.a.AnonymousAuthenticationFilter  : Set SecurityContextHolder to AnonymousAuthenticationToken [Principal=anonymousUser, Credentials=[PROTECTED], Authenticated=true, Details=WebAuthenticationDetails [RemoteIpAddress=0:0:0:0:0:0:0:1, SessionId=null], Granted Authorities=[ROLE_ANONYMOUS]]
2024-06-09 10:03:15.698 DEBUG 15324 --- [http-nio-8080-exec-10] o.s.s.w.a.i.FilterSecurityInterceptor    : Authorized filter invocation [GET /actor] with attributes [permitAll]
2024-06-09 10:03:15.698 DEBUG 15324 --- [http-nio-8080-exec-10] o.s.security.web.FilterChainProxy        : Secured GET /actor
2024-06-09 10:03:15.698 DEBUG 15324 --- [http-nio-8080-exec-10] o.s.web.servlet.DispatcherServlet        : GET "/actor", parameters={}
2024-06-09 10:03:15.698 DEBUG 15324 --- [http-nio-8080-exec-10] s.w.s.m.m.a.RequestMappingHandlerMapping : Mapped to com.example.demo.Controller.UserController#actor(Model)
2024-06-09 10:03:15.699 DEBUG 15324 --- [http-nio-8080-exec-10] org.hibernate.SQL                        : 
    select
        testentity0_.no as no1_0_,
        testentity0_.keyword as keyword2_0_,
        testentity0_.mobile as mobile3_0_,
        testentity0_.pc as pc4_0_,
        testentity0_.tag as tag5_0_,
        testentity0_.total as total6_0_ 
    from
        csvjson testentity0_ 
    where
        testentity0_.tag=? 
    order by
        testentity0_.total desc limit ?
2024-06-09 10:03:15.911 TRACE 15324 --- [http-nio-8080-exec-10] o.h.type.descriptor.sql.BasicBinder      : binding parameter [1] as [VARCHAR] - [actor]
2024-06-09 10:03:16.115 DEBUG 15324 --- [http-nio-8080-exec-10] o.s.w.s.v.ContentNegotiatingViewResolver : Selected 'text/html' given [text/html, application/xhtml+xml, image/avif, image/webp, image/apng, application/xml;q=0.9, application/signed-exchange;v=b3;q=0.7, */*;q=0.8]
2024-06-09 10:03:16.123 DEBUG 15324 --- [http-nio-8080-exec-10] w.c.HttpSessionSecurityContextRepository : Did not store anonymous SecurityContext
2024-06-09 10:03:16.127 DEBUG 15324 --- [http-nio-8080-exec-10] o.s.web.servlet.DispatcherServlet        : Completed 200 OK
2024-06-09 10:03:16.127 DEBUG 15324 --- [http-nio-8080-exec-10] w.c.HttpSessionSecurityContextRepository : Did not store anonymous SecurityContext
2024-06-09 10:03:16.127 DEBUG 15324 --- [http-nio-8080-exec-10] s.s.w.c.SecurityContextPersistenceFilter : Cleared SecurityContextHolder to complete request
2024-06-09 10:03:16.154 DEBUG 15324 --- [http-nio-8080-exec-1] o.s.security.web.FilterChainProxy        : Securing GET /css/globals.css
2024-06-09 10:03:16.154 DEBUG 15324 --- [http-nio-8080-exec-1] s.s.w.c.SecurityContextPersistenceFilter : Set SecurityContextHolder to empty SecurityContext
2024-06-09 10:03:16.155 TRACE 15324 --- [http-nio-8080-exec-1] o.s.s.w.a.logout.LogoutFilter            : Did not match request to Or [Ant [pattern='/logout', GET], Ant [pattern='/logout', POST], Ant [pattern='/logout', PUT], Ant [pattern='/logout', DELETE]]
2024-06-09 10:03:16.155 TRACE 15324 --- [http-nio-8080-exec-1] w.a.UsernamePasswordAuthenticationFilter : Did not match request to Ant [pattern='/login', POST]
2024-06-09 10:03:16.155 TRACE 15324 --- [http-nio-8080-exec-1] o.s.s.w.a.AnonymousAuthenticationFilter  : Set SecurityContextHolder to AnonymousAuthenticationToken [Principal=anonymousUser, Credentials=[PROTECTED], Authenticated=true, Details=WebAuthenticationDetails [RemoteIpAddress=0:0:0:0:0:0:0:1, SessionId=null], Granted Authorities=[ROLE_ANONYMOUS]]
2024-06-09 10:03:16.155 DEBUG 15324 --- [http-nio-8080-exec-1] o.s.s.w.a.i.FilterSecurityInterceptor    : Authorized filter invocation [GET /css/globals.css] with attributes [permitAll]
2024-06-09 10:03:16.156 DEBUG 15324 --- [http-nio-8080-exec-1] o.s.security.web.FilterChainProxy        : Secured GET /css/globals.css
2024-06-09 10:03:16.156 DEBUG 15324 --- [http-nio-8080-exec-1] o.s.web.servlet.DispatcherServlet        : GET "/css/globals.css", parameters={}
2024-06-09 10:03:16.156 DEBUG 15324 --- [http-nio-8080-exec-1] o.s.w.s.handler.SimpleUrlHandlerMapping  : Mapped to ResourceHttpRequestHandler [classpath [META-INF/resources/], classpath [resources/], classpath [static/], classpath [public/], ServletContext [/]]
2024-06-09 10:03:16.156 DEBUG 15324 --- [http-nio-8080-exec-2] o.s.security.web.FilterChainProxy        : Securing GET /css/substyle.css
2024-06-09 10:03:16.157 DEBUG 15324 --- [http-nio-8080-exec-2] s.s.w.c.SecurityContextPersistenceFilter : Set SecurityContextHolder to empty SecurityContext
2024-06-09 10:03:16.157 TRACE 15324 --- [http-nio-8080-exec-2] o.s.s.w.a.logout.LogoutFilter            : Did not match request to Or [Ant [pattern='/logout', GET], Ant [pattern='/logout', POST], Ant [pattern='/logout', PUT], Ant [pattern='/logout', DELETE]]
2024-06-09 10:03:16.157 TRACE 15324 --- [http-nio-8080-exec-2] w.a.UsernamePasswordAuthenticationFilter : Did not match request to Ant [pattern='/login', POST]
2024-06-09 10:03:16.158 TRACE 15324 --- [http-nio-8080-exec-2] o.s.s.w.a.AnonymousAuthenticationFilter  : Set SecurityContextHolder to AnonymousAuthenticationToken [Principal=anonymousUser, Credentials=[PROTECTED], Authenticated=true, Details=WebAuthenticationDetails [RemoteIpAddress=0:0:0:0:0:0:0:1, SessionId=null], Granted Authorities=[ROLE_ANONYMOUS]]
2024-06-09 10:03:16.158 DEBUG 15324 --- [http-nio-8080-exec-2] o.s.s.w.a.i.FilterSecurityInterceptor    : Authorized filter invocation [GET /css/substyle.css] with attributes [permitAll]
2024-06-09 10:03:16.158 DEBUG 15324 --- [http-nio-8080-exec-2] o.s.security.web.FilterChainProxy        : Secured GET /css/substyle.css
2024-06-09 10:03:16.158 DEBUG 15324 --- [http-nio-8080-exec-2] o.s.web.servlet.DispatcherServlet        : GET "/css/substyle.css", parameters={}
2024-06-09 10:03:16.159 DEBUG 15324 --- [http-nio-8080-exec-2] o.s.w.s.handler.SimpleUrlHandlerMapping  : Mapped to ResourceHttpRequestHandler [classpath [META-INF/resources/], classpath [resources/], classpath [static/], classpath [public/], ServletContext [/]]
2024-06-09 10:03:16.161 DEBUG 15324 --- [http-nio-8080-exec-1] w.c.HttpSessionSecurityContextRepository : Did not store anonymous SecurityContext
2024-06-09 10:03:16.162 DEBUG 15324 --- [http-nio-8080-exec-1] o.s.web.servlet.DispatcherServlet        : Completed 200 OK
2024-06-09 10:03:16.162 DEBUG 15324 --- [http-nio-8080-exec-1] w.c.HttpSessionSecurityContextRepository : Did not store anonymous SecurityContext
2024-06-09 10:03:16.162 DEBUG 15324 --- [http-nio-8080-exec-1] s.s.w.c.SecurityContextPersistenceFilter : Cleared SecurityContextHolder to complete request
2024-06-09 10:03:16.165 DEBUG 15324 --- [http-nio-8080-exec-2] w.c.HttpSessionSecurityContextRepository : Did not store anonymous SecurityContext
2024-06-09 10:03:16.166 DEBUG 15324 --- [http-nio-8080-exec-2] o.s.web.servlet.DispatcherServlet        : Completed 200 OK
2024-06-09 10:03:16.166 DEBUG 15324 --- [http-nio-8080-exec-2] w.c.HttpSessionSecurityContextRepository : Did not store anonymous SecurityContext
2024-06-09 10:03:16.166 DEBUG 15324 --- [http-nio-8080-exec-2] s.s.w.c.SecurityContextPersistenceFilter : Cleared SecurityContextHolder to complete request
2024-06-09 10:04:59.562  INFO 15324 --- [File Watcher] rtingClassPathChangeChangedEventListener : Restarting due to 1 class path change (0 additions, 1 deletion, 0 modifications)
2024-06-09 10:04:59.614  INFO 15324 --- [Thread-5] o.apache.catalina.core.StandardService   : Stopping service [Tomcat]
2024-06-09 10:04:59.616  INFO 15324 --- [Thread-5] o.a.c.c.C.[Tomcat].[localhost].[/]       : Destroying Spring FrameworkServlet 'dispatcherServlet'
2024-06-09 10:04:59.657  INFO 15324 --- [Thread-5] j.LocalContainerEntityManagerFactoryBean : Closing JPA EntityManagerFactory for persistence unit 'default'
2024-06-09 10:04:59.662  INFO 15324 --- [Thread-5] com.zaxxer.hikari.HikariDataSource       : HikariPool-1 - Shutdown initiated...
2024-06-09 10:04:59.672  INFO 15324 --- [Thread-5] com.zaxxer.hikari.HikariDataSource       : HikariPool-1 - Shutdown completed.
2024-06-09 10:04:59.824  INFO 15324 --- [restartedMain] com.example.demo.Demo1Application        : Starting Demo1Application using Java 17.0.10 on DESKTOP-V6G3D31 with PID 15324 (C:\Users\PC\IdeaProjects\spring444\build\classes\java\main started by PC in C:\Users\PC\IdeaProjects\spring444)
2024-06-09 10:04:59.825 DEBUG 15324 --- [restartedMain] com.example.demo.Demo1Application        : Running with Spring Boot v2.7.14, Spring v5.3.29
2024-06-09 10:04:59.825  INFO 15324 --- [restartedMain] com.example.demo.Demo1Application        : No active profile set, falling back to 1 default profile: "default"
2024-06-09 10:05:00.332  INFO 15324 --- [restartedMain] .s.d.r.c.RepositoryConfigurationDelegate : Bootstrapping Spring Data JPA repositories in DEFAULT mode.
2024-06-09 10:05:00.379  INFO 15324 --- [restartedMain] .s.d.r.c.RepositoryConfigurationDelegate : Finished Spring Data repository scanning in 46 ms. Found 2 JPA repository interfaces.
2024-06-09 10:05:00.547  INFO 15324 --- [restartedMain] trationDelegate$BeanPostProcessorChecker : Bean 'org.springframework.ws.config.annotation.DelegatingWsConfiguration' of type [org.springframework.ws.config.annotation.DelegatingWsConfiguration$$EnhancerBySpringCGLIB$$8268cb3] is not eligible for getting processed by all BeanPostProcessors (for example: not eligible for auto-proxying)
2024-06-09 10:05:00.550  INFO 15324 --- [restartedMain] .w.s.a.s.AnnotationActionEndpointMapping : Supporting [WS-Addressing August 2004, WS-Addressing 1.0]
2024-06-09 10:05:00.604  INFO 15324 --- [restartedMain] o.s.b.w.embedded.tomcat.TomcatWebServer  : Tomcat initialized with port(s): 8080 (http)
2024-06-09 10:05:00.605  INFO 15324 --- [restartedMain] o.apache.catalina.core.StandardService   : Starting service [Tomcat]
2024-06-09 10:05:00.605  INFO 15324 --- [restartedMain] org.apache.catalina.core.StandardEngine  : Starting Servlet engine: [Apache Tomcat/9.0.78]
2024-06-09 10:05:00.687  INFO 15324 --- [restartedMain] o.a.c.c.C.[Tomcat].[localhost].[/]       : Initializing Spring embedded WebApplicationContext
2024-06-09 10:05:00.687  INFO 15324 --- [restartedMain] w.s.c.ServletWebServerApplicationContext : Root WebApplicationContext: initialization completed in 855 ms
2024-06-09 10:05:00.763  INFO 15324 --- [restartedMain] o.hibernate.jpa.internal.util.LogHelper  : HHH000204: Processing PersistenceUnitInfo [name: default]
2024-06-09 10:05:00.800  INFO 15324 --- [restartedMain] com.zaxxer.hikari.HikariDataSource       : HikariPool-2 - Starting...
2024-06-09 10:05:02.998  INFO 15324 --- [restartedMain] com.zaxxer.hikari.HikariDataSource       : HikariPool-2 - Start completed.
2024-06-09 10:05:03.000  INFO 15324 --- [restartedMain] org.hibernate.dialect.Dialect            : HHH000400: Using dialect: org.hibernate.dialect.MySQLDialect
2024-06-09 10:05:03.143  INFO 15324 --- [restartedMain] o.h.e.t.j.p.i.JtaPlatformInitiator       : HHH000490: Using JtaPlatform implementation: [org.hibernate.engine.transaction.jta.platform.internal.NoJtaPlatform]
2024-06-09 10:05:03.144  INFO 15324 --- [restartedMain] j.LocalContainerEntityManagerFactoryBean : Initialized JPA EntityManagerFactory for persistence unit 'default'
2024-06-09 10:05:03.712 DEBUG 15324 --- [restartedMain] edFilterInvocationSecurityMetadataSource : Adding web access control expression [permitAll] for ExactUrl [processUrl='/login']
2024-06-09 10:05:03.713 DEBUG 15324 --- [restartedMain] edFilterInvocationSecurityMetadataSource : Adding web access control expression [permitAll] for ExactUrl [processUrl='/login']
2024-06-09 10:05:03.714 DEBUG 15324 --- [restartedMain] edFilterInvocationSecurityMetadataSource : Adding web access control expression [permitAll] for Or [Ant [pattern='/logout', GET], Ant [pattern='/logout', POST], Ant [pattern='/logout', PUT], Ant [pattern='/logout', DELETE]]
2024-06-09 10:05:03.714 DEBUG 15324 --- [restartedMain] edFilterInvocationSecurityMetadataSource : Adding web access control expression [permitAll] for ExactUrl [processUrl='/main']
2024-06-09 10:05:03.715 DEBUG 15324 --- [restartedMain] edFilterInvocationSecurityMetadataSource : Adding web access control expression [permitAll] for Ant [pattern='/']
2024-06-09 10:05:03.715 DEBUG 15324 --- [restartedMain] edFilterInvocationSecurityMetadataSource : Adding web access control expression [permitAll] for Ant [pattern='/login']
2024-06-09 10:05:03.716 DEBUG 15324 --- [restartedMain] edFilterInvocationSecurityMetadataSource : Adding web access control expression [permitAll] for Ant [pattern='/signup']
2024-06-09 10:05:03.716 DEBUG 15324 --- [restartedMain] edFilterInvocationSecurityMetadataSource : Adding web access control expression [permitAll] for Ant [pattern='/css/**']
2024-06-09 10:05:03.716 DEBUG 15324 --- [restartedMain] edFilterInvocationSecurityMetadataSource : Adding web access control expression [permitAll] for any request
2024-06-09 10:05:03.724  INFO 15324 --- [restartedMain] o.s.s.web.DefaultSecurityFilterChain     : Will secure any request with [org.springframework.security.web.session.DisableEncodeUrlFilter@54318ecc, org.springframework.security.web.context.request.async.WebAsyncManagerIntegrationFilter@d3d6a62, org.springframework.security.web.context.SecurityContextPersistenceFilter@6cc37120, org.springframework.security.web.header.HeaderWriterFilter@339e6927, org.springframework.security.web.authentication.logout.LogoutFilter@1058d5f, org.springframework.security.web.authentication.UsernamePasswordAuthenticationFilter@cbb3687, org.springframework.security.web.savedrequest.RequestCacheAwareFilter@663aed67, org.springframework.security.web.servletapi.SecurityContextHolderAwareRequestFilter@262d77d6, org.springframework.security.web.authentication.AnonymousAuthenticationFilter@1243dfe6, org.springframework.security.web.session.SessionManagementFilter@49b32ec4, org.springframework.security.web.access.ExceptionTranslationFilter@3a261aad, org.springframework.security.web.access.intercept.FilterSecurityInterceptor@6c4e65f6]
2024-06-09 10:05:04.040  WARN 15324 --- [restartedMain] JpaBaseConfiguration$JpaWebConfiguration : spring.jpa.open-in-view is enabled by default. Therefore, database queries may be performed during view rendering. Explicitly configure spring.jpa.open-in-view to disable this warning
2024-06-09 10:05:04.210 DEBUG 15324 --- [restartedMain] s.w.s.m.m.a.RequestMappingHandlerAdapter : ControllerAdvice beans: 0 @ModelAttribute, 0 @InitBinder, 1 RequestBodyAdvice, 1 ResponseBodyAdvice
2024-06-09 10:05:04.256  INFO 15324 --- [restartedMain] o.s.b.a.w.s.WelcomePageHandlerMapping    : Adding welcome page template: index
2024-06-09 10:05:04.303 DEBUG 15324 --- [restartedMain] s.w.s.m.m.a.RequestMappingHandlerMapping : 5 mappings in 'requestMappingHandlerMapping'
2024-06-09 10:05:04.352 DEBUG 15324 --- [restartedMain] o.s.w.s.handler.SimpleUrlHandlerMapping  : Patterns [/webjars/**, /**] in 'resourceHandlerMapping'
2024-06-09 10:05:04.419 DEBUG 15324 --- [restartedMain] .m.m.a.ExceptionHandlerExceptionResolver : ControllerAdvice beans: 0 @ExceptionHandler, 1 ResponseBodyAdvice
2024-06-09 10:05:04.823  INFO 15324 --- [restartedMain] o.s.b.d.a.OptionalLiveReloadServer       : LiveReload server is running on port 35729
2024-06-09 10:05:04.886  INFO 15324 --- [restartedMain] o.s.b.w.embedded.tomcat.TomcatWebServer  : Tomcat started on port(s): 8080 (http) with context path ''
2024-06-09 10:05:04.901  INFO 15324 --- [restartedMain] s.a.ScheduledAnnotationBeanPostProcessor : No TaskScheduler/ScheduledExecutorService bean found for scheduled processing
2024-06-09 10:05:04.905  INFO 15324 --- [restartedMain] com.example.demo.Demo1Application        : Started Demo1Application in 5.161 seconds (JVM running for 138.598)
2024-06-09 10:05:04.911  INFO 15324 --- [restartedMain] .ConditionEvaluationDeltaLoggingListener : Condition evaluation unchanged
2024-06-09 10:05:06.377  INFO 15324 --- [File Watcher] rtingClassPathChangeChangedEventListener : Restarting due to 1 class path change (1 addition, 0 deletions, 0 modifications)
2024-06-09 10:05:06.461  INFO 15324 --- [Thread-7] o.apache.catalina.core.StandardService   : Stopping service [Tomcat]
2024-06-09 10:05:06.474  INFO 15324 --- [Thread-7] j.LocalContainerEntityManagerFactoryBean : Closing JPA EntityManagerFactory for persistence unit 'default'
2024-06-09 10:05:06.475  INFO 15324 --- [Thread-7] com.zaxxer.hikari.HikariDataSource       : HikariPool-2 - Shutdown initiated...
2024-06-09 10:05:06.870  INFO 15324 --- [Thread-7] com.zaxxer.hikari.HikariDataSource       : HikariPool-2 - Shutdown completed.
2024-06-09 10:05:07.104  INFO 15324 --- [restartedMain] com.example.demo.Demo1Application        : Starting Demo1Application using Java 17.0.10 on DESKTOP-V6G3D31 with PID 15324 (C:\Users\PC\IdeaProjects\spring444\build\classes\java\main started by PC in C:\Users\PC\IdeaProjects\spring444)
2024-06-09 10:05:07.104 DEBUG 15324 --- [restartedMain] com.example.demo.Demo1Application        : Running with Spring Boot v2.7.14, Spring v5.3.29
2024-06-09 10:05:07.105  INFO 15324 --- [restartedMain] com.example.demo.Demo1Application        : No active profile set, falling back to 1 default profile: "default"
2024-06-09 10:05:08.421  INFO 15324 --- [restartedMain] .s.d.r.c.RepositoryConfigurationDelegate : Bootstrapping Spring Data JPA repositories in DEFAULT mode.
2024-06-09 10:05:09.233  INFO 15324 --- [restartedMain] .s.d.r.c.RepositoryConfigurationDelegate : Finished Spring Data repository scanning in 805 ms. Found 2 JPA repository interfaces.
2024-06-09 10:05:09.509  INFO 15324 --- [restartedMain] trationDelegate$BeanPostProcessorChecker : Bean 'org.springframework.ws.config.annotation.DelegatingWsConfiguration' of type [org.springframework.ws.config.annotation.DelegatingWsConfiguration$$EnhancerBySpringCGLIB$$8268cb3] is not eligible for getting processed by all BeanPostProcessors (for example: not eligible for auto-proxying)
2024-06-09 10:05:09.545  INFO 15324 --- [restartedMain] .w.s.a.s.AnnotationActionEndpointMapping : Supporting [WS-Addressing August 2004, WS-Addressing 1.0]
2024-06-09 10:05:10.270  INFO 15324 --- [restartedMain] o.s.b.w.embedded.tomcat.TomcatWebServer  : Tomcat initialized with port(s): 8080 (http)
2024-06-09 10:05:10.305  INFO 15324 --- [restartedMain] o.apache.catalina.core.StandardService   : Starting service [Tomcat]
2024-06-09 10:05:10.306  INFO 15324 --- [restartedMain] org.apache.catalina.core.StandardEngine  : Starting Servlet engine: [Apache Tomcat/9.0.78]
2024-06-09 10:05:10.657  INFO 15324 --- [restartedMain] o.a.c.c.C.[Tomcat].[localhost].[/]       : Initializing Spring embedded WebApplicationContext
2024-06-09 10:05:10.658  INFO 15324 --- [restartedMain] w.s.c.ServletWebServerApplicationContext : Root WebApplicationContext: initialization completed in 3546 ms
2024-06-09 10:05:10.804  INFO 15324 --- [restartedMain] o.hibernate.jpa.internal.util.LogHelper  : HHH000204: Processing PersistenceUnitInfo [name: default]
2024-06-09 10:05:10.839  INFO 15324 --- [restartedMain] com.zaxxer.hikari.HikariDataSource       : HikariPool-3 - Starting...
2024-06-09 10:05:14.285  INFO 15324 --- [restartedMain] com.zaxxer.hikari.HikariDataSource       : HikariPool-3 - Start completed.
2024-06-09 10:05:14.288  INFO 15324 --- [restartedMain] org.hibernate.dialect.Dialect            : HHH000400: Using dialect: org.hibernate.dialect.MySQLDialect
2024-06-09 10:05:14.552  INFO 15324 --- [restartedMain] o.h.e.t.j.p.i.JtaPlatformInitiator       : HHH000490: Using JtaPlatform implementation: [org.hibernate.engine.transaction.jta.platform.internal.NoJtaPlatform]
2024-06-09 10:05:14.553  INFO 15324 --- [restartedMain] j.LocalContainerEntityManagerFactoryBean : Initialized JPA EntityManagerFactory for persistence unit 'default'
2024-06-09 10:05:15.677 DEBUG 15324 --- [restartedMain] edFilterInvocationSecurityMetadataSource : Adding web access control expression [permitAll] for ExactUrl [processUrl='/login']
2024-06-09 10:05:15.679 DEBUG 15324 --- [restartedMain] edFilterInvocationSecurityMetadataSource : Adding web access control expression [permitAll] for ExactUrl [processUrl='/login']
2024-06-09 10:05:15.682 DEBUG 15324 --- [restartedMain] edFilterInvocationSecurityMetadataSource : Adding web access control expression [permitAll] for Or [Ant [pattern='/logout', GET], Ant [pattern='/logout', POST], Ant [pattern='/logout', PUT], Ant [pattern='/logout', DELETE]]
2024-06-09 10:05:15.683 DEBUG 15324 --- [restartedMain] edFilterInvocationSecurityMetadataSource : Adding web access control expression [permitAll] for ExactUrl [processUrl='/main']
2024-06-09 10:05:15.684 DEBUG 15324 --- [restartedMain] edFilterInvocationSecurityMetadataSource : Adding web access control expression [permitAll] for Ant [pattern='/']
2024-06-09 10:05:15.685 DEBUG 15324 --- [restartedMain] edFilterInvocationSecurityMetadataSource : Adding web access control expression [permitAll] for Ant [pattern='/login']
2024-06-09 10:05:15.687 DEBUG 15324 --- [restartedMain] edFilterInvocationSecurityMetadataSource : Adding web access control expression [permitAll] for Ant [pattern='/signup']
2024-06-09 10:05:15.689 DEBUG 15324 --- [restartedMain] edFilterInvocationSecurityMetadataSource : Adding web access control expression [permitAll] for Ant [pattern='/css/**']
2024-06-09 10:05:15.690 DEBUG 15324 --- [restartedMain] edFilterInvocationSecurityMetadataSource : Adding web access control expression [permitAll] for any request
2024-06-09 10:05:15.719  INFO 15324 --- [restartedMain] o.s.s.web.DefaultSecurityFilterChain     : Will secure any request with [org.springframework.security.web.session.DisableEncodeUrlFilter@107356eb, org.springframework.security.web.context.request.async.WebAsyncManagerIntegrationFilter@28a80e3d, org.springframework.security.web.context.SecurityContextPersistenceFilter@133c21a0, org.springframework.security.web.header.HeaderWriterFilter@6e7d109, org.springframework.security.web.authentication.logout.LogoutFilter@7fe3811b, org.springframework.security.web.authentication.UsernamePasswordAuthenticationFilter@7fae477b, org.springframework.security.web.savedrequest.RequestCacheAwareFilter@46396fd2, org.springframework.security.web.servletapi.SecurityContextHolderAwareRequestFilter@7eee8185, org.springframework.security.web.authentication.AnonymousAuthenticationFilter@4a63645e, org.springframework.security.web.session.SessionManagementFilter@4f678b55, org.springframework.security.web.access.ExceptionTranslationFilter@5370c419, org.springframework.security.web.access.intercept.FilterSecurityInterceptor@41cd6a0]
2024-06-09 10:05:16.160  WARN 15324 --- [restartedMain] JpaBaseConfiguration$JpaWebConfiguration : spring.jpa.open-in-view is enabled by default. Therefore, database queries may be performed during view rendering. Explicitly configure spring.jpa.open-in-view to disable this warning
2024-06-09 10:05:16.235 DEBUG 15324 --- [restartedMain] s.w.s.m.m.a.RequestMappingHandlerAdapter : ControllerAdvice beans: 0 @ModelAttribute, 0 @InitBinder, 1 RequestBodyAdvice, 1 ResponseBodyAdvice
2024-06-09 10:05:16.275  INFO 15324 --- [restartedMain] o.s.b.a.w.s.WelcomePageHandlerMapping    : Adding welcome page template: index
2024-06-09 10:05:16.344 DEBUG 15324 --- [restartedMain] s.w.s.m.m.a.RequestMappingHandlerMapping : 14 mappings in 'requestMappingHandlerMapping'
2024-06-09 10:05:16.383 DEBUG 15324 --- [restartedMain] o.s.w.s.handler.SimpleUrlHandlerMapping  : Patterns [/webjars/**, /**] in 'resourceHandlerMapping'
2024-06-09 10:05:16.414 DEBUG 15324 --- [restartedMain] .m.m.a.ExceptionHandlerExceptionResolver : ControllerAdvice beans: 0 @ExceptionHandler, 1 ResponseBodyAdvice
2024-06-09 10:05:16.649  INFO 15324 --- [restartedMain] o.s.b.d.a.OptionalLiveReloadServer       : LiveReload server is running on port 35729
2024-06-09 10:05:16.755  INFO 15324 --- [restartedMain] o.s.b.w.embedded.tomcat.TomcatWebServer  : Tomcat started on port(s): 8080 (http) with context path ''
2024-06-09 10:05:16.775  INFO 15324 --- [restartedMain] s.a.ScheduledAnnotationBeanPostProcessor : No TaskScheduler/ScheduledExecutorService bean found for scheduled processing
2024-06-09 10:05:16.782  INFO 15324 --- [restartedMain] com.example.demo.Demo1Application        : Started Demo1Application in 9.78 seconds (JVM running for 150.475)
2024-06-09 10:05:16.788  INFO 15324 --- [restartedMain] .ConditionEvaluationDeltaLoggingListener : Condition evaluation unchanged
2024-06-09 10:05:46.618  INFO 15324 --- [SpringApplicationShutdownHook] j.LocalContainerEntityManagerFactoryBean : Closing JPA EntityManagerFactory for persistence unit 'default'
2024-06-09 10:05:46.619  INFO 15324 --- [SpringApplicationShutdownHook] com.zaxxer.hikari.HikariDataSource       : HikariPool-3 - Shutdown initiated...
2024-06-09 10:05:46.624  INFO 15324 --- [SpringApplicationShutdownHook] com.zaxxer.hikari.HikariDataSource       : HikariPool-3 - Shutdown completed.
